<?xml version="1.0" encoding="UTF-8"?>
<testsuite xmlns:xsi="http://www.w3.org/2001/XMLSchema-instance" xsi:noNamespaceSchemaLocation="https://maven.apache.org/surefire/maven-surefire-plugin/xsd/surefire-test-report-3.0.xsd" version="3.0" name="com.example.shop.PricingServiceTest" time="0.01" tests="5" errors="0" skipped="0" failures="0">
  <properties>
[...]
</properties>
  <testcase name="calculateTax_positive_is20Percent" classname="com.example.shop.PricingServiceTest" time="0.001"/>
  <testcase name="calculateSubtotal_emptyOrder_isZero" classname="com.example.shop.PricingServiceTest" time="0.001"/>
  <testcase name="calculateTax_negativeSubtotal_throws" classname="com.example.shop.PricingServiceTest" time="0.001"/>
  <testcase name="calculateSubtotal_sumsItemTotals" classname="com.example.shop.PricingServiceTest" time="0.001"/>
  <testcase name="calculateTax_zero_isZero" classname="com.example.shop.PricingServiceTest" time="0.001"/>
</testsuite>