<?xml version="1.0" encoding="UTF-8"?>
<testsuite xmlns:xsi="http://www.w3.org/2001/XMLSchema-instance" xsi:noNamespaceSchemaLocation="https://maven.apache.org/surefire/maven-surefire-plugin/xsd/surefire-test-report-3.0.xsd" version="3.0" name="ca.mcmaster.sfwreng3s03.Program3Test" time="0.056" tests="2" errors="0" skipped="0" failures="0">
  <properties>
[...]
</properties>
  <testcase name="emptyArray" classname="ca.mcmaster.sfwreng3s03.Program3Test" time="0.029"/>
  <testcase name="noZerosPresent" classname="ca.mcmaster.sfwreng3s03.Program3Test" time="0.0"/>
</testsuite>